0 info it worked if it ends with ok
1 verbose cli [ '/usr/bin/nodejs',
1 verbose cli   '/usr/bin/npm',
1 verbose cli   'install',
1 verbose cli   'forever',
1 verbose cli   '--global',
1 verbose cli   '--save' ]
2 info using npm@1.4.21
3 info using node@v0.10.25
4 verbose cache add [ 'forever', null ]
5 verbose cache add name=undefined spec="forever" args=["forever",null]
6 verbose parsed url { protocol: null,
6 verbose parsed url   slashes: null,
6 verbose parsed url   auth: null,
6 verbose parsed url   host: null,
6 verbose parsed url   port: null,
6 verbose parsed url   hostname: null,
6 verbose parsed url   hash: null,
6 verbose parsed url   search: null,
6 verbose parsed url   query: null,
6 verbose parsed url   pathname: 'forever',
6 verbose parsed url   path: 'forever',
6 verbose parsed url   href: 'forever' }
7 silly lockFile e07f8c4a-forever forever
8 verbose lock forever /home/zhenghui/.npm/e07f8c4a-forever.lock
9 silly lockFile e07f8c4a-forever forever
10 silly lockFile e07f8c4a-forever forever
11 verbose addNamed [ 'forever', '' ]
12 verbose addNamed [ null, '*' ]
13 silly lockFile 28ef027b-forever forever@
14 verbose lock forever@ /home/zhenghui/.npm/28ef027b-forever.lock
15 silly addNameRange { name: 'forever', range: '*', hasData: false }
16 verbose request where is /forever
17 verbose request registry https://registry.npmjs.org/
18 verbose request id eb6d0a6259d881c6
19 verbose url raw /forever
20 verbose url resolving [ 'https://registry.npmjs.org/', './forever' ]
21 verbose url resolved https://registry.npmjs.org/forever
22 verbose request where is https://registry.npmjs.org/forever
23 info trying registry request attempt 1 at 23:17:54
24 verbose etag "E4Y2L5368VKQY87949SXZOZIS"
25 http GET https://registry.npmjs.org/forever
26 http 304 https://registry.npmjs.org/forever
27 silly registry.get cb [ 304,
27 silly registry.get   { date: 'Wed, 21 Oct 2015 06:17:54 GMT',
27 silly registry.get     via: '1.1 varnish',
27 silly registry.get     'cache-control': 'max-age=60',
27 silly registry.get     etag: '"E4Y2L5368VKQY87949SXZOZIS"',
27 silly registry.get     age: '39',
27 silly registry.get     connection: 'keep-alive',
27 silly registry.get     'x-served-by': 'cache-sjc3120-SJC',
27 silly registry.get     'x-cache': 'HIT',
27 silly registry.get     'x-cache-hits': '1',
27 silly registry.get     'x-timer': 'S1445408274.245284,VS0,VE0',
27 silly registry.get     vary: 'Accept' } ]
28 verbose etag https://registry.npmjs.org/forever from cache
29 silly addNameRange number 2 { name: 'forever', range: '*', hasData: true }
30 silly addNameRange versions [ 'forever',
30 silly addNameRange   [ '0.6.0',
30 silly addNameRange     '0.6.1',
30 silly addNameRange     '0.6.2',
30 silly addNameRange     '0.6.3',
30 silly addNameRange     '0.6.4',
30 silly addNameRange     '0.6.5',
30 silly addNameRange     '0.6.6',
30 silly addNameRange     '0.6.7',
30 silly addNameRange     '0.6.8',
30 silly addNameRange     '0.6.9',
30 silly addNameRange     '0.7.0',
30 silly addNameRange     '0.7.1',
30 silly addNameRange     '0.7.2',
30 silly addNameRange     '0.7.3',
30 silly addNameRange     '0.7.4',
30 silly addNameRange     '0.7.5',
30 silly addNameRange     '0.8.0',
30 silly addNameRange     '0.8.1',
30 silly addNameRange     '0.8.2',
30 silly addNameRange     '0.8.3',
30 silly addNameRange     '0.8.4',
30 silly addNameRange     '0.8.5',
30 silly addNameRange     '0.9.0',
30 silly addNameRange     '0.9.1',
30 silly addNameRange     '0.9.2',
30 silly addNameRange     '0.10.0',
30 silly addNameRange     '0.10.5',
30 silly addNameRange     '0.10.6',
30 silly addNameRange     '0.10.7',
30 silly addNameRange     '0.10.8',
30 silly addNameRange     '0.10.9',
30 silly addNameRange     '0.10.10',
30 silly addNameRange     '0.10.11',
30 silly addNameRange     '0.11.0',
30 silly addNameRange     '0.11.1',
30 silly addNameRange     '0.12.0',
30 silly addNameRange     '0.13.0',
30 silly addNameRange     '0.14.1',
30 silly addNameRange     '0.14.2',
30 silly addNameRange     '0.15.0',
30 silly addNameRange     '0.15.1' ] ]
31 verbose addNamed [ 'forever', '0.15.1' ]
32 verbose addNamed [ '0.15.1', '0.15.1' ]
33 silly lockFile dc7fb2a6-forever-0-15-1 forever@0.15.1
34 verbose lock forever@0.15.1 /home/zhenghui/.npm/dc7fb2a6-forever-0-15-1.lock
35 silly lockFile dc7fb2a6-forever-0-15-1 forever@0.15.1
36 silly lockFile dc7fb2a6-forever-0-15-1 forever@0.15.1
37 silly lockFile 28ef027b-forever forever@
38 silly lockFile 28ef027b-forever forever@
39 silly resolved [ { name: 'forever',
39 silly resolved     preferGlobal: 'true',
39 silly resolved     description: 'A simple CLI tool for ensuring that a given node script runs continuously (i.e. forever)',
39 silly resolved     version: '0.15.1',
39 silly resolved     author: { name: 'Charlie Robbins', email: 'charlie.robbins@gmail.com' },
39 silly resolved     maintainers: [ [Object], [Object], [Object], [Object], [Object] ],
39 silly resolved     repository: { type: 'git', url: 'http://github.com/nodejitsu/forever.git' },
39 silly resolved     keywords: [ 'cli', 'fault tolerant', 'sysadmin', 'tools' ],
39 silly resolved     dependencies:
39 silly resolved      { cliff: '~0.1.9',
39 silly resolved        clone: '^1.0.2',
39 silly resolved        colors: '~0.6.2',
39 silly resolved        flatiron: '~0.4.2',
39 silly resolved        'forever-monitor': '~1.6.0',
39 silly resolved        nconf: '~0.6.9',
39 silly resolved        nssocket: '~0.5.1',
39 silly resolved        'object-assign': '^3.0.0',
39 silly resolved        optimist: '~0.6.0',
39 silly resolved        'path-is-absolute': '~1.0.0',
39 silly resolved        prettyjson: '^1.1.2',
39 silly resolved        shush: '^1.0.0',
39 silly resolved        timespan: '~2.3.0',
39 silly resolved        utile: '~0.2.1',
39 silly resolved        winston: '~0.8.1' },
39 silly resolved     devDependencies:
39 silly resolved      { broadway: '~0.3.6',
39 silly resolved        eventemitter2: '0.4.x',
39 silly resolved        request: '2.x.x',
39 silly resolved        vows: '0.7.x' },
39 silly resolved     bin: { forever: './bin/forever' },
39 silly resolved     main: './lib/forever',
39 silly resolved     scripts: { test: 'vows test/**/*-test.js --spec -i' },
39 silly resolved     engines: { node: '>= 0.8.x' },
39 silly resolved     license: 'MIT',
39 silly resolved     gitHead: '6c157fafe909eb555b9e73028338377b05d51f51',
39 silly resolved     bugs: { url: 'https://github.com/nodejitsu/forever/issues' },
39 silly resolved     homepage: 'https://github.com/nodejitsu/forever',
39 silly resolved     _id: 'forever@0.15.1',
39 silly resolved     _shasum: '5e4e3d4ef946bef88ddcb9cc7412e478ad19e04e',
39 silly resolved     _from: 'forever@',
39 silly resolved     _npmVersion: '2.6.1',
39 silly resolved     _nodeVersion: '0.10.40',
39 silly resolved     _npmUser: { name: 'indexzero', email: 'charlie.robbins@gmail.com' },
39 silly resolved     dist:
39 silly resolved      { shasum: '5e4e3d4ef946bef88ddcb9cc7412e478ad19e04e',
39 silly resolved        tarball: 'http://registry.npmjs.org/forever/-/forever-0.15.1.tgz' },
39 silly resolved     directories: {},
39 silly resolved     _resolved: 'https://registry.npmjs.org/forever/-/forever-0.15.1.tgz',
39 silly resolved     readme: 'ERROR: No README data found!' } ]
40 info install forever@0.15.1 into /usr/local/lib
41 info installOne forever@0.15.1
42 verbose lib/node_modules/forever unbuild
43 info preuninstall forever@0.15.1
44 info uninstall forever@0.15.1
45 verbose true,/usr/local/lib/node_modules,/usr/local/lib/node_modules unbuild forever@0.15.1
46 verbose /usr/local/bin,[object Object] binRoot
47 verbose lib/node_modules/forever unbuild
48 info preuninstall forever@0.15.1
49 info uninstall forever@0.15.1
50 verbose true,/usr/local/lib/node_modules,/usr/local/lib/node_modules unbuild forever@0.15.1
51 verbose /usr/local/bin,[object Object] binRoot
52 error error rolling back Error: EACCES, unlink '/usr/local/bin/forever'
52 error error rolling back  forever@0.15.1 { [Error: EACCES, unlink '/usr/local/bin/forever'] errno: 3, code: 'EACCES', path: '/usr/local/bin/forever' }
53 error Error: EACCES, unlink '/usr/local/bin/forever'
53 error  { [Error: EACCES, unlink '/usr/local/bin/forever'] errno: 3, code: 'EACCES', path: '/usr/local/bin/forever' }
54 error Please try running this command again as root/Administrator.
55 error System Linux 3.19.0-26-generic
56 error command "/usr/bin/nodejs" "/usr/bin/npm" "install" "forever" "--global" "--save"
57 error cwd /home/zhenghui/WebstormProjects/bot11
58 error node -v v0.10.25
59 error npm -v 1.4.21
60 error path /usr/local/bin/forever
61 error code EACCES
62 error errno 3
63 error stack Error: EACCES, unlink '/usr/local/bin/forever'
64 verbose exit [ 3, true ]
